<?xml version="1.0" encoding="UTF-8"?>
<!-- Generated by org.testng.reporters.JUnitXMLReporter -->
<testsuite ignored="0" hostname="IN-5CG3393MPS" failures="1" tests="11" name="Test" time="145.496" errors="0" timestamp="2024-05-21T19:00:27 IST">
  <testcase classname="tests.HomePageTest" name="validateSearchFunctionalityForWeatherInformation" time="7.313"/>
  <testcase classname="tests.HomePageTest" name="validateWeatherDetailsForSearchedCity" time="4.594"/>
  <testcase classname="tests.HomePageTest" name="validateWeatherInYourCitySearchBoxFunctionality" time="0.871"/>
  <testcase classname="tests.HomePageTest" name="verifyWeatherInYourCityDetails" time="1.002"/>
  <testcase classname="tests.HomePageTest" name="verifySearchBoxFunctionalitiesByEnteringInvalidCityName" time="7.322"/>
  <testcase classname="tests.HomePageTest" name="verifyClickOnMapSectionFunctionality" time="3.584"/>
  <testcase classname="tests.HomePageTest" name="VerifyGlobalPrecipitationLayersUnderMapSectionCanToggle" time="3.289"/>
  <testcase classname="tests.HomePageTest" name="VerifyPressureLayersUnderMapSectionCanToggle" time="5.338"/>
  <testcase classname="tests.HomePageTest" name="VerifyTemperatureLayersUnderMapSectionCanToggle" time="30.65">
    <failure type="org.openqa.selenium.TimeoutException" message="Expected condition failed: waiting for element to be clickable: Proxy element for: DefaultElementLocator &amp;apos;By.xpath: //div[text()=&amp;apos;No precipitation within an hour&amp;apos;]&amp;apos; (tried for 20 second(s) with 500 milliseconds interval)">
      <![CDATA[org.openqa.selenium.TimeoutException: Expected condition failed: waiting for element to be clickable: Proxy element for: DefaultElementLocator 'By.xpath: //div[text()='No precipitation within an hour']' (tried for 20 second(s) with 500 milliseconds interval)
at org.openqa.selenium.support.ui.WebDriverWait.timeoutException(WebDriverWait.java:84)
at org.openqa.selenium.support.ui.FluentWait.until(FluentWait.java:228)
at utils.WaitUtils.waitForTheElementToBeClickable(WaitUtils.java:52)
at pages.HomePage.clickOnDifferentLayersOfMapSectionAndVerify(HomePage.java:166)
at tests.HomePageTest.VerifyTemperatureLayersUnderMapSectionCanToggle(HomePageTest.java:75)
at java.base/java.util.ArrayList.forEach(ArrayList.java:1596)
Caused by: org.openqa.selenium.NoSuchElementException: no such element: Unable to locate element: {"method":"xpath","selector":"//div[text()='No precipitation within an hour']"}
  (Session info: chrome=124.0.6367.208)
For documentation on this error, please visit: https://www.selenium.dev/documentation/webdriver/troubleshooting/errors#no-such-element-exception
Build info: version: '4.19.0', revision: '5f9cec8963'
System info: os.name: 'Windows 11', os.arch: 'amd64', os.version: '10.0', java.version: '21.0.2'
Driver info: org.openqa.selenium.chrome.ChromeDriver
Command: [b44cec9c7326b2b2cd381f3e8f52cf88, findElement {value=//div[text()='No precipitation within an hour'], using=xpath}]
Capabilities {acceptInsecureCerts: false, browserName: chrome, browserVersion: 124.0.6367.208, chrome: {chromedriverVersion: 124.0.6367.207 (a9001a6e39f..., userDataDir: C:\Users\apawar4\AppData\Lo...}, fedcm:accounts: true, goog:chromeOptions: {debuggerAddress: localhost:51465}, networkConnectionEnabled: false, pageLoadStrategy: normal, platformName: windows, proxy: Proxy(), se:cdp: ws://localhost:51465/devtoo..., se:cdpVersion: 124.0.6367.208, setWindowRect: true, strictFileInteractability: false, timeouts: {implicit: 0, pageLoad: 300000, script: 30000}, unhandledPromptBehavior: dismiss and notify, webauthn:extension:credBlob: true, webauthn:extension:largeBlob: true, webauthn:extension:minPinLength: true, webauthn:extension:prf: true, webauthn:virtualAuthenticators: true}
Session ID: b44cec9c7326b2b2cd381f3e8f52cf88
at org.openqa.selenium.remote.ErrorCodec.decode(ErrorCodec.java:167)
at org.openqa.selenium.remote.codec.w3c.W3CHttpResponseCodec.decode(W3CHttpResponseCodec.java:138)
at org.openqa.selenium.remote.codec.w3c.W3CHttpResponseCodec.decode(W3CHttpResponseCodec.java:50)
at org.openqa.selenium.remote.HttpCommandExecutor.execute(HttpCommandExecutor.java:190)
at org.openqa.selenium.remote.service.DriverCommandExecutor.invokeExecute(DriverCommandExecutor.java:216)
at org.openqa.selenium.remote.service.DriverCommandExecutor.execute(DriverCommandExecutor.java:174)
at org.openqa.selenium.remote.RemoteWebDriver.execute(RemoteWebDriver.java:518)
at org.openqa.selenium.remote.ElementLocation$ElementFinder$2.findElement(ElementLocation.java:165)
at org.openqa.selenium.remote.ElementLocation.findElement(ElementLocation.java:59)
at org.openqa.selenium.remote.RemoteWebDriver.findElement(RemoteWebDriver.java:355)
at org.openqa.selenium.remote.RemoteWebDriver.findElement(RemoteWebDriver.java:349)
at org.openqa.selenium.support.pagefactory.DefaultElementLocator.findElement(DefaultElementLocator.java:68)
at org.openqa.selenium.support.pagefactory.internal.LocatingElementHandler.invoke(LocatingElementHandler.java:38)
at jdk.proxy2/jdk.proxy2.$Proxy12.isDisplayed(Unknown Source)
at org.openqa.selenium.support.ui.ExpectedConditions.elementIfVisible(ExpectedConditions.java:304)
at org.openqa.selenium.support.ui.ExpectedConditions$10.apply(ExpectedConditions.java:290)
at org.openqa.selenium.support.ui.ExpectedConditions$10.apply(ExpectedConditions.java:287)
at org.openqa.selenium.support.ui.ExpectedConditions$23.apply(ExpectedConditions.java:656)
at org.openqa.selenium.support.ui.ExpectedConditions$23.apply(ExpectedConditions.java:652)
at org.openqa.selenium.support.ui.FluentWait.until(FluentWait.java:203)
... 29 more
... Removed 28 stack frames]]>
    </failure>
  </testcase> <!-- VerifyTemperatureLayersUnderMapSectionCanToggle -->
  <testcase classname="tests.HomePageTest" name="VerifyWindspeedLayersUnderMapSectionCanToggle" time="7.443"/>
  <testcase classname="tests.HomePageTest" name="VerifyCloudsLayersUnderMapSectionCanToggle" time="3.186"/>
</testsuite> <!-- Test -->
