<?xml version="1.0" encoding="UTF-8"?>
<testng-results ignored="0" total="11" passed="10" failed="1" skipped="0">
  <reporter-output>
  </reporter-output>
  <suite started-at="2024-05-21T18:58:02 IST" name="Suite" finished-at="2024-05-21T19:00:27 IST" duration-ms="145496">
    <groups>
    </groups>
    <test started-at="2024-05-21T18:58:02 IST" name="Test" finished-at="2024-05-21T19:00:27 IST" duration-ms="145496">
      <class name="tests.HomePageTest">
        <test-method is-config="true" signature="launchBrowser()[pri:0, instance:tests.HomePageTest@70e9c95d]" started-at="2024-05-21T18:58:02 IST" name="launchBrowser" finished-at="2024-05-21T18:58:09 IST" duration-ms="7808" status="PASS">
          <reporter-output>
          </reporter-output>
        </test-method> <!-- launchBrowser -->
        <test-method signature="validateSearchFunctionalityForWeatherInformation()[pri:1, instance:tests.HomePageTest@70e9c95d]" started-at="2024-05-21T18:58:09 IST" name="validateSearchFunctionalityForWeatherInformation" finished-at="2024-05-21T18:58:17 IST" duration-ms="7313" status="PASS">
          <reporter-output>
          </reporter-output>
        </test-method> <!-- validateSearchFunctionalityForWeatherInformation -->
        <test-method is-config="true" signature="tearDown()[pri:0, instance:tests.HomePageTest@70e9c95d]" started-at="2024-05-21T18:58:17 IST" name="tearDown" finished-at="2024-05-21T18:58:19 IST" duration-ms="1928" status="PASS">
          <reporter-output>
          </reporter-output>
        </test-method> <!-- tearDown -->
        <test-method is-config="true" signature="launchBrowser()[pri:0, instance:tests.HomePageTest@70e9c95d]" started-at="2024-05-21T18:58:19 IST" name="launchBrowser" finished-at="2024-05-21T18:58:24 IST" duration-ms="5530" status="PASS">
          <reporter-output>
          </reporter-output>
        </test-method> <!-- launchBrowser -->
        <test-method signature="validateWeatherDetailsForSearchedCity()[pri:2, instance:tests.HomePageTest@70e9c95d]" started-at="2024-05-21T18:58:24 IST" name="validateWeatherDetailsForSearchedCity" finished-at="2024-05-21T18:58:29 IST" duration-ms="4594" status="PASS">
          <reporter-output>
          </reporter-output>
        </test-method> <!-- validateWeatherDetailsForSearchedCity -->
        <test-method is-config="true" signature="tearDown()[pri:0, instance:tests.HomePageTest@70e9c95d]" started-at="2024-05-21T18:58:29 IST" name="tearDown" finished-at="2024-05-21T18:58:29 IST" duration-ms="606" status="PASS">
          <reporter-output>
          </reporter-output>
        </test-method> <!-- tearDown -->
        <test-method is-config="true" signature="launchBrowser()[pri:0, instance:tests.HomePageTest@70e9c95d]" started-at="2024-05-21T18:58:29 IST" name="launchBrowser" finished-at="2024-05-21T18:58:35 IST" duration-ms="5606" status="PASS">
          <reporter-output>
          </reporter-output>
        </test-method> <!-- launchBrowser -->
        <test-method signature="validateWeatherInYourCitySearchBoxFunctionality()[pri:3, instance:tests.HomePageTest@70e9c95d]" started-at="2024-05-21T18:58:35 IST" name="validateWeatherInYourCitySearchBoxFunctionality" finished-at="2024-05-21T18:58:36 IST" duration-ms="871" status="PASS">
          <reporter-output>
          </reporter-output>
        </test-method> <!-- validateWeatherInYourCitySearchBoxFunctionality -->
        <test-method is-config="true" signature="tearDown()[pri:0, instance:tests.HomePageTest@70e9c95d]" started-at="2024-05-21T18:58:36 IST" name="tearDown" finished-at="2024-05-21T18:58:36 IST" duration-ms="269" status="PASS">
          <reporter-output>
          </reporter-output>
        </test-method> <!-- tearDown -->
        <test-method is-config="true" signature="launchBrowser()[pri:0, instance:tests.HomePageTest@70e9c95d]" started-at="2024-05-21T18:58:36 IST" name="launchBrowser" finished-at="2024-05-21T18:58:42 IST" duration-ms="5521" status="PASS">
          <reporter-output>
          </reporter-output>
        </test-method> <!-- launchBrowser -->
        <test-method signature="verifyWeatherInYourCityDetails()[pri:4, instance:tests.HomePageTest@70e9c95d]" started-at="2024-05-21T18:58:42 IST" name="verifyWeatherInYourCityDetails" finished-at="2024-05-21T18:58:43 IST" duration-ms="1002" status="PASS">
          <reporter-output>
          </reporter-output>
        </test-method> <!-- verifyWeatherInYourCityDetails -->
        <test-method is-config="true" signature="tearDown()[pri:0, instance:tests.HomePageTest@70e9c95d]" started-at="2024-05-21T18:58:43 IST" name="tearDown" finished-at="2024-05-21T18:58:43 IST" duration-ms="209" status="PASS">
          <reporter-output>
          </reporter-output>
        </test-method> <!-- tearDown -->
        <test-method is-config="true" signature="launchBrowser()[pri:0, instance:tests.HomePageTest@70e9c95d]" started-at="2024-05-21T18:58:43 IST" name="launchBrowser" finished-at="2024-05-21T18:58:49 IST" duration-ms="6555" status="PASS">
          <reporter-output>
          </reporter-output>
        </test-method> <!-- launchBrowser -->
        <test-method signature="verifySearchBoxFunctionalitiesByEnteringInvalidCityName()[pri:5, instance:tests.HomePageTest@70e9c95d]" started-at="2024-05-21T18:58:49 IST" name="verifySearchBoxFunctionalitiesByEnteringInvalidCityName" finished-at="2024-05-21T18:58:57 IST" duration-ms="7322" status="PASS">
          <reporter-output>
          </reporter-output>
        </test-method> <!-- verifySearchBoxFunctionalitiesByEnteringInvalidCityName -->
        <test-method is-config="true" signature="tearDown()[pri:0, instance:tests.HomePageTest@70e9c95d]" started-at="2024-05-21T18:58:57 IST" name="tearDown" finished-at="2024-05-21T18:58:59 IST" duration-ms="1751" status="PASS">
          <reporter-output>
          </reporter-output>
        </test-method> <!-- tearDown -->
        <test-method is-config="true" signature="launchBrowser()[pri:0, instance:tests.HomePageTest@70e9c95d]" started-at="2024-05-21T18:58:59 IST" name="launchBrowser" finished-at="2024-05-21T18:59:04 IST" duration-ms="5893" status="PASS">
          <reporter-output>
          </reporter-output>
        </test-method> <!-- launchBrowser -->
        <test-method signature="verifyClickOnMapSectionFunctionality()[pri:6, instance:tests.HomePageTest@70e9c95d]" started-at="2024-05-21T18:59:04 IST" name="verifyClickOnMapSectionFunctionality" finished-at="2024-05-21T18:59:08 IST" duration-ms="3584" status="PASS">
          <reporter-output>
          </reporter-output>
        </test-method> <!-- verifyClickOnMapSectionFunctionality -->
        <test-method is-config="true" signature="tearDown()[pri:0, instance:tests.HomePageTest@70e9c95d]" started-at="2024-05-21T18:59:08 IST" name="tearDown" finished-at="2024-05-21T18:59:09 IST" duration-ms="643" status="PASS">
          <reporter-output>
          </reporter-output>
        </test-method> <!-- tearDown -->
        <test-method is-config="true" signature="launchBrowser()[pri:0, instance:tests.HomePageTest@70e9c95d]" started-at="2024-05-21T18:59:09 IST" name="launchBrowser" finished-at="2024-05-21T18:59:14 IST" duration-ms="5162" status="PASS">
          <reporter-output>
          </reporter-output>
        </test-method> <!-- launchBrowser -->
        <test-method signature="VerifyGlobalPrecipitationLayersUnderMapSectionCanToggle()[pri:7, instance:tests.HomePageTest@70e9c95d]" started-at="2024-05-21T18:59:14 IST" name="VerifyGlobalPrecipitationLayersUnderMapSectionCanToggle" finished-at="2024-05-21T18:59:17 IST" duration-ms="3289" status="PASS">
          <reporter-output>
          </reporter-output>
        </test-method> <!-- VerifyGlobalPrecipitationLayersUnderMapSectionCanToggle -->
        <test-method is-config="true" signature="tearDown()[pri:0, instance:tests.HomePageTest@70e9c95d]" started-at="2024-05-21T18:59:17 IST" name="tearDown" finished-at="2024-05-21T18:59:18 IST" duration-ms="554" status="PASS">
          <reporter-output>
          </reporter-output>
        </test-method> <!-- tearDown -->
        <test-method is-config="true" signature="launchBrowser()[pri:0, instance:tests.HomePageTest@70e9c95d]" started-at="2024-05-21T18:59:18 IST" name="launchBrowser" finished-at="2024-05-21T18:59:21 IST" duration-ms="3160" status="PASS">
          <reporter-output>
          </reporter-output>
        </test-method> <!-- launchBrowser -->
        <test-method signature="VerifyPressureLayersUnderMapSectionCanToggle()[pri:8, instance:tests.HomePageTest@70e9c95d]" started-at="2024-05-21T18:59:21 IST" name="VerifyPressureLayersUnderMapSectionCanToggle" finished-at="2024-05-21T18:59:26 IST" duration-ms="5338" status="PASS">
          <reporter-output>
          </reporter-output>
        </test-method> <!-- VerifyPressureLayersUnderMapSectionCanToggle -->
        <test-method is-config="true" signature="tearDown()[pri:0, instance:tests.HomePageTest@70e9c95d]" started-at="2024-05-21T18:59:26 IST" name="tearDown" finished-at="2024-05-21T18:59:27 IST" duration-ms="566" status="PASS">
          <reporter-output>
          </reporter-output>
        </test-method> <!-- tearDown -->
        <test-method is-config="true" signature="launchBrowser()[pri:0, instance:tests.HomePageTest@70e9c95d]" started-at="2024-05-21T18:59:27 IST" name="launchBrowser" finished-at="2024-05-21T18:59:32 IST" duration-ms="5417" status="PASS">
          <reporter-output>
          </reporter-output>
        </test-method> <!-- launchBrowser -->
        <test-method signature="VerifyTemperatureLayersUnderMapSectionCanToggle()[pri:9, instance:tests.HomePageTest@70e9c95d]" started-at="2024-05-21T18:59:32 IST" name="VerifyTemperatureLayersUnderMapSectionCanToggle" finished-at="2024-05-21T19:00:03 IST" duration-ms="30650" status="FAIL">
          <exception class="org.openqa.selenium.TimeoutException">
            <message>
              <![CDATA[Expected condition failed: waiting for element to be clickable: Proxy element for: DefaultElementLocator 'By.xpath: //div[text()='No precipitation within an hour']' (tried for 20 second(s) with 500 milliseconds interval)]]>
            </message>
            <full-stacktrace>
              <![CDATA[org.openqa.selenium.TimeoutException: Expected condition failed: waiting for element to be clickable: Proxy element for: DefaultElementLocator 'By.xpath: //div[text()='No precipitation within an hour']' (tried for 20 second(s) with 500 milliseconds interval)
at org.openqa.selenium.support.ui.WebDriverWait.timeoutException(WebDriverWait.java:84)
at org.openqa.selenium.support.ui.FluentWait.until(FluentWait.java:228)
at utils.WaitUtils.waitForTheElementToBeClickable(WaitUtils.java:52)
at pages.HomePage.clickOnDifferentLayersOfMapSectionAndVerify(HomePage.java:166)
at tests.HomePageTest.VerifyTemperatureLayersUnderMapSectionCanToggle(HomePageTest.java:75)
at java.base/jdk.internal.reflect.DirectMethodHandleAccessor.invoke(DirectMethodHandleAccessor.java:103)
at java.base/java.lang.reflect.Method.invoke(Method.java:580)
at org.testng.internal.invokers.MethodInvocationHelper.invokeMethod(MethodInvocationHelper.java:139)
at org.testng.internal.invokers.TestInvoker.invokeMethod(TestInvoker.java:677)
at org.testng.internal.invokers.TestInvoker.invokeTestMethod(TestInvoker.java:221)
at org.testng.internal.invokers.MethodRunner.runInSequence(MethodRunner.java:50)
at org.testng.internal.invokers.TestInvoker$MethodInvocationAgent.invoke(TestInvoker.java:969)
at org.testng.internal.invokers.TestInvoker.invokeTestMethods(TestInvoker.java:194)
at org.testng.internal.invokers.TestMethodWorker.invokeTestMethods(TestMethodWorker.java:148)
at org.testng.internal.invokers.TestMethodWorker.run(TestMethodWorker.java:128)
at java.base/java.util.ArrayList.forEach(ArrayList.java:1596)
at org.testng.TestRunner.privateRun(TestRunner.java:829)
at org.testng.TestRunner.run(TestRunner.java:602)
at org.testng.SuiteRunner.runTest(SuiteRunner.java:437)
at org.testng.SuiteRunner.runSequentially(SuiteRunner.java:431)
at org.testng.SuiteRunner.privateRun(SuiteRunner.java:391)
at org.testng.SuiteRunner.run(SuiteRunner.java:330)
at org.testng.SuiteRunnerWorker.runSuite(SuiteRunnerWorker.java:52)
at org.testng.SuiteRunnerWorker.run(SuiteRunnerWorker.java:95)
at org.testng.TestNG.runSuitesSequentially(TestNG.java:1256)
at org.testng.TestNG.runSuitesLocally(TestNG.java:1176)
at org.testng.TestNG.runSuites(TestNG.java:1099)
at org.testng.TestNG.run(TestNG.java:1067)
at org.testng.remote.AbstractRemoteTestNG.run(AbstractRemoteTestNG.java:115)
at org.testng.remote.RemoteTestNG.initAndRun(RemoteTestNG.java:251)
at org.testng.remote.RemoteTestNG.main(RemoteTestNG.java:77)
Caused by: org.openqa.selenium.NoSuchElementException: no such element: Unable to locate element: {"method":"xpath","selector":"//div[text()='No precipitation within an hour']"}
  (Session info: chrome=124.0.6367.208)
For documentation on this error, please visit: https://www.selenium.dev/documentation/webdriver/troubleshooting/errors#no-such-element-exception
Build info: version: '4.19.0', revision: '5f9cec8963'
System info: os.name: 'Windows 11', os.arch: 'amd64', os.version: '10.0', java.version: '21.0.2'
Driver info: org.openqa.selenium.chrome.ChromeDriver
Command: [b44cec9c7326b2b2cd381f3e8f52cf88, findElement {value=//div[text()='No precipitation within an hour'], using=xpath}]
Capabilities {acceptInsecureCerts: false, browserName: chrome, browserVersion: 124.0.6367.208, chrome: {chromedriverVersion: 124.0.6367.207 (a9001a6e39f..., userDataDir: C:\Users\apawar4\AppData\Lo...}, fedcm:accounts: true, goog:chromeOptions: {debuggerAddress: localhost:51465}, networkConnectionEnabled: false, pageLoadStrategy: normal, platformName: windows, proxy: Proxy(), se:cdp: ws://localhost:51465/devtoo..., se:cdpVersion: 124.0.6367.208, setWindowRect: true, strictFileInteractability: false, timeouts: {implicit: 0, pageLoad: 300000, script: 30000}, unhandledPromptBehavior: dismiss and notify, webauthn:extension:credBlob: true, webauthn:extension:largeBlob: true, webauthn:extension:minPinLength: true, webauthn:extension:prf: true, webauthn:virtualAuthenticators: true}
Session ID: b44cec9c7326b2b2cd381f3e8f52cf88
at java.base/jdk.internal.reflect.DirectConstructorHandleAccessor.newInstance(DirectConstructorHandleAccessor.java:62)
at java.base/java.lang.reflect.Constructor.newInstanceWithCaller(Constructor.java:502)
at java.base/java.lang.reflect.Constructor.newInstance(Constructor.java:486)
at org.openqa.selenium.remote.ErrorCodec.decode(ErrorCodec.java:167)
at org.openqa.selenium.remote.codec.w3c.W3CHttpResponseCodec.decode(W3CHttpResponseCodec.java:138)
at org.openqa.selenium.remote.codec.w3c.W3CHttpResponseCodec.decode(W3CHttpResponseCodec.java:50)
at org.openqa.selenium.remote.HttpCommandExecutor.execute(HttpCommandExecutor.java:190)
at org.openqa.selenium.remote.service.DriverCommandExecutor.invokeExecute(DriverCommandExecutor.java:216)
at org.openqa.selenium.remote.service.DriverCommandExecutor.execute(DriverCommandExecutor.java:174)
at org.openqa.selenium.remote.RemoteWebDriver.execute(RemoteWebDriver.java:518)
at org.openqa.selenium.remote.ElementLocation$ElementFinder$2.findElement(ElementLocation.java:165)
at org.openqa.selenium.remote.ElementLocation.findElement(ElementLocation.java:59)
at org.openqa.selenium.remote.RemoteWebDriver.findElement(RemoteWebDriver.java:355)
at org.openqa.selenium.remote.RemoteWebDriver.findElement(RemoteWebDriver.java:349)
at org.openqa.selenium.support.pagefactory.DefaultElementLocator.findElement(DefaultElementLocator.java:68)
at org.openqa.selenium.support.pagefactory.internal.LocatingElementHandler.invoke(LocatingElementHandler.java:38)
at jdk.proxy2/jdk.proxy2.$Proxy12.isDisplayed(Unknown Source)
at org.openqa.selenium.support.ui.ExpectedConditions.elementIfVisible(ExpectedConditions.java:304)
at org.openqa.selenium.support.ui.ExpectedConditions$10.apply(ExpectedConditions.java:290)
at org.openqa.selenium.support.ui.ExpectedConditions$10.apply(ExpectedConditions.java:287)
at org.openqa.selenium.support.ui.ExpectedConditions$23.apply(ExpectedConditions.java:656)
at org.openqa.selenium.support.ui.ExpectedConditions$23.apply(ExpectedConditions.java:652)
at org.openqa.selenium.support.ui.FluentWait.until(FluentWait.java:203)
... 29 more
]]>
            </full-stacktrace>
          </exception> <!-- org.openqa.selenium.TimeoutException -->
          <reporter-output>
          </reporter-output>
        </test-method> <!-- VerifyTemperatureLayersUnderMapSectionCanToggle -->
        <test-method is-config="true" signature="tearDown()[pri:0, instance:tests.HomePageTest@70e9c95d]" started-at="2024-05-21T19:00:03 IST" name="tearDown" finished-at="2024-05-21T19:00:03 IST" duration-ms="328" status="PASS">
          <reporter-output>
          </reporter-output>
        </test-method> <!-- tearDown -->
        <test-method is-config="true" signature="launchBrowser()[pri:0, instance:tests.HomePageTest@70e9c95d]" started-at="2024-05-21T19:00:03 IST" name="launchBrowser" finished-at="2024-05-21T19:00:10 IST" duration-ms="7055" status="PASS">
          <reporter-output>
          </reporter-output>
        </test-method> <!-- launchBrowser -->
        <test-method signature="VerifyWindspeedLayersUnderMapSectionCanToggle()[pri:10, instance:tests.HomePageTest@70e9c95d]" started-at="2024-05-21T19:00:10 IST" name="VerifyWindspeedLayersUnderMapSectionCanToggle" finished-at="2024-05-21T19:00:18 IST" duration-ms="7443" status="PASS">
          <reporter-output>
          </reporter-output>
        </test-method> <!-- VerifyWindspeedLayersUnderMapSectionCanToggle -->
        <test-method is-config="true" signature="tearDown()[pri:0, instance:tests.HomePageTest@70e9c95d]" started-at="2024-05-21T19:00:18 IST" name="tearDown" finished-at="2024-05-21T19:00:18 IST" duration-ms="240" status="PASS">
          <reporter-output>
          </reporter-output>
        </test-method> <!-- tearDown -->
        <test-method is-config="true" signature="launchBrowser()[pri:0, instance:tests.HomePageTest@70e9c95d]" started-at="2024-05-21T19:00:18 IST" name="launchBrowser" finished-at="2024-05-21T19:00:24 IST" duration-ms="5660" status="PASS">
          <reporter-output>
          </reporter-output>
        </test-method> <!-- launchBrowser -->
        <test-method signature="VerifyCloudsLayersUnderMapSectionCanToggle()[pri:11, instance:tests.HomePageTest@70e9c95d]" started-at="2024-05-21T19:00:24 IST" name="VerifyCloudsLayersUnderMapSectionCanToggle" finished-at="2024-05-21T19:00:27 IST" duration-ms="3186" status="PASS">
          <reporter-output>
          </reporter-output>
        </test-method> <!-- VerifyCloudsLayersUnderMapSectionCanToggle -->
        <test-method is-config="true" signature="tearDown()[pri:0, instance:tests.HomePageTest@70e9c95d]" started-at="2024-05-21T19:00:27 IST" name="tearDown" finished-at="2024-05-21T19:00:27 IST" duration-ms="380" status="PASS">
          <reporter-output>
          </reporter-output>
        </test-method> <!-- tearDown -->
      </class> <!-- tests.HomePageTest -->
    </test> <!-- Test -->
  </suite> <!-- Suite -->
</testng-results>
